平成 27/3/10 23:33:35 にビルドを開始しました。
     1>ノード 2 上のプロジェクト "C:\Users\akikan\documents\visual studio 2010\Projects\PaneponClone\PaneponClone.vcxproj" (build ターゲット)。
     1>InitializeBuildStatus:
         "AlwaysCreate" が指定されたため "Debug\PaneponClone.unsuccessfulbuild" を作成しています。
       ClCompile:
         C:\Program Files (x86)\Microsoft Visual Studio 10.0\VC\bin\CL.exe /c /I"C:\DxLib_VC\プロジェクトに追加すべきファイル_VC用" /ZI /nologo /W3 /WX- /Od /Oy- /D _MBCS /Gm /EHsc /RTC1 /MTd /GS /fp:precise /Zc:wchar_t /Zc:forScope /Fo"Debug\\" /Fd"Debug\vc100.pdb" /Gd /TP /analyze- /errorReport:prompt main.cpp
         main.cpp
     1>c:\users\akikan\documents\visual studio 2010\projects\paneponclone\main.cpp(445): warning C4996: 'fopen': This function or variable may be unsafe. Consider using fopen_s instead. To disable deprecation, use _CRT_SECURE_NO_WARNINGS. See online help for details.
                 c:\program files (x86)\microsoft visual studio 10.0\vc\include\stdio.h(234) : 'fopen' の宣言を確認してください。
     1>c:\users\akikan\documents\visual studio 2010\projects\paneponclone\main.cpp(447): warning C4996: 'fscanf': This function or variable may be unsafe. Consider using fscanf_s instead. To disable deprecation, use _CRT_SECURE_NO_WARNINGS. See online help for details.
                 c:\program files (x86)\microsoft visual studio 10.0\vc\include\stdio.h(253) : 'fscanf' の宣言を確認してください。
     1>c:\users\akikan\documents\visual studio 2010\projects\paneponclone\main.cpp(451): warning C4996: 'fopen': This function or variable may be unsafe. Consider using fopen_s instead. To disable deprecation, use _CRT_SECURE_NO_WARNINGS. See online help for details.
                 c:\program files (x86)\microsoft visual studio 10.0\vc\include\stdio.h(234) : 'fopen' の宣言を確認してください。
     1>c:\users\akikan\documents\visual studio 2010\projects\paneponclone\main.cpp(507): warning C4244: '初期化中' : 'double' から 'float' への変換です。データが失われる可能性があります。
     1>c:\users\akikan\documents\visual studio 2010\projects\paneponclone\main.cpp(621): warning C4244: '引数' : 'INT64' から 'int' への変換です。データが失われる可能性があります。
     1>c:\users\akikan\documents\visual studio 2010\projects\paneponclone\main.cpp(459): warning C4715: 'RefreshScore' : 値を返さないコントロール パスがあります。
       Link:
         C:\Program Files (x86)\Microsoft Visual Studio 10.0\VC\bin\link.exe /ERRORREPORT:PROMPT /OUT:"C:\Users\akikan\documents\visual studio 2010\Projects\PaneponClone\Debug\PaneponClone.exe" /NOLOGO /LIBPATH:"C:\DxLib_VC\プロジェクトに追加すべきファイル_VC用" kernel32.lib user32.lib gdi32.lib winspool.lib comdlg32.lib advapi32.lib shell32.lib ole32.lib oleaut32.lib uuid.lib odbc32.lib odbccp32.lib /MANIFEST /ManifestFile:"Debug\PaneponClone.exe.intermediate.manifest" /MANIFESTUAC:"level='asInvoker' uiAccess='false'" /DEBUG /PDB:"C:\Users\akikan\documents\visual studio 2010\Projects\PaneponClone\Debug\PaneponClone.pdb" /TLBID:1 /DYNAMICBASE /NXCOMPAT /IMPLIB:"C:\Users\akikan\documents\visual studio 2010\Projects\PaneponClone\Debug\PaneponClone.lib" /MACHINE:X86 Debug\main.obj
         LINK : 前回のインクリメンタル リンクで C:\Users\akikan\documents\visual studio 2010\Projects\PaneponClone\Debug\PaneponClone.exe が見つからなかったか、ビルドされませんでした。フル リンクを行います。
         PaneponClone.vcxproj -> C:\Users\akikan\documents\visual studio 2010\Projects\PaneponClone\Debug\PaneponClone.exe
       Manifest:
         C:\Program Files (x86)\Microsoft SDKs\Windows\v7.0A\bin\mt.exe /nologo /verbose /outputresource:"C:\Users\akikan\documents\visual studio 2010\Projects\PaneponClone\Debug\PaneponClone.exe;#1" /manifest Debug\PaneponClone.exe.intermediate.manifest
       FinalizeBuildStatus:
         ファイル "Debug\PaneponClone.unsuccessfulbuild" を削除しています。
         "Debug\PaneponClone.lastbuildstate" のタッチ タスクを実行しています。
     1>プロジェクト "C:\Users\akikan\documents\visual studio 2010\Projects\PaneponClone\PaneponClone.vcxproj" (build ターゲット) のビルドが完了しました。

ビルドに成功しました。

経過時間 00:00:01.87
